<?xml version="1.0" encoding="UTF-8"?>
<!-- Generated by org.testng.reporters.JUnitReportReporter -->
<testsuite hostname="DG" failures="0" tests="1" name="assignment2.PUT" time="3.028" errors="0" timestamp="2022-02-04T14:11:01 IST" skipped="0">
  <testcase classname="assignment2.PUT" name="test_1" time="3.028"/>
  <system-out/>
</testsuite> <!-- assignment2.PUT -->
