<?xml version="1.0" encoding="UTF-8"?>
<!-- Generated by org.testng.reporters.JUnitReportReporter -->
<testsuite hostname="DG" failures="0" tests="1" name="assignment2.DELETE" time="2.723" errors="0" timestamp="2022-02-03T12:54:50 IST" skipped="0">
  <testcase classname="assignment2.DELETE" name="test_01" time="2.723"/>
  <system-out/>
</testsuite> <!-- assignment2.DELETE -->
