<?xml version="1.0" encoding="UTF-8"?>
<!-- Generated by org.testng.reporters.JUnitReportReporter -->
<testsuite hostname="DG" failures="0" tests="1" name="assignment2.POST" time="3.765" errors="0" timestamp="2022-02-02T16:59:57 IST" skipped="0">
  <testcase classname="assignment2.POST" name="test1" time="3.765"/>
  <system-out/>
</testsuite> <!-- assignment2.POST -->
